<?xml version="1.0" encoding="UTF-8"?>
<!-- Generated by org.testng.reporters.JUnitReportReporter -->
<testsuite skipped="0" hostname="DESKTOP-IHMM45I" name="testngDiscussion.annotations" tests="2" failures="0" timestamp="2022-04-16T15:19:42 IST" time="0.012" errors="0">
  <testcase name="googleTilte" time="0.006" classname="testngDiscussion.annotations"/>
  <system-out/>
  <testcase name="googleTilte1" time="0.006" classname="testngDiscussion.annotations"/>
  <system-out/>
</testsuite> <!-- testngDiscussion.annotations -->
