<?xml version="1.0" encoding="UTF-8"?>
<!-- Generated by org.testng.reporters.JUnitReportReporter -->
<testsuite skipped="0" hostname="DESKTOP-IHMM45I" name="testngDiscussion.testclass" tests="4" failures="0" timestamp="2022-04-16T15:20:47 IST" time="0.015" errors="0">
  <testcase name="testcase4" time="0.002" classname="testngDiscussion.testclass"/>
  <system-out/>
  <testcase name="testcase1" time="0.009" classname="testngDiscussion.testclass"/>
  <system-out/>
  <testcase name="testcase2" time="0.003" classname="testngDiscussion.testclass"/>
  <system-out/>
  <testcase name="testcase3" time="0.001" classname="testngDiscussion.testclass"/>
  <system-out/>
</testsuite> <!-- testngDiscussion.testclass -->
