<?xml version="1.0" encoding="UTF-8"?>
<!-- Generated by org.testng.reporters.JUnitReportReporter -->
<testsuite skipped="0" hostname="DESKTOP-IHMM45I" name="Testng.assertiondemop" tests="2" failures="0" timestamp="2022-04-23T09:43:39 IST" time="0.015" errors="0">
  <testcase name="testCasel" time="0.003" classname="Testng.assertiondemop"/>
  <system-out/>
  <testcase name="testCase2" time="0.012" classname="Testng.assertiondemop"/>
  <system-out/>
</testsuite> <!-- Testng.assertiondemop -->
